# JRE version: Java(TM) SE Runtime Environment (8.0_201-b09) (build 1.8.0_201-b09)
# Java VM: Java HotSpot(TM) 64-Bit Server VM (25.201-b09 mixed mode windows-amd64 compressed oops)
Heap:
 PSYoungGen      total 28160K, used 16766K [0x00000000e0800000, 0x00000000e3280000, 0x0000000100000000)
  eden space 24064K, 55% used [0x00000000e0800000,0x00000000e151e880,0x00000000e1f80000)
  from space 4096K, 81% used [0x00000000e2000000,0x00000000e23412b8,0x00000000e2400000)
  to   space 9728K, 0% used [0x00000000e2900000,0x00000000e2900000,0x00000000e3280000)
 ParOldGen       total 40448K, used 10375K [0x00000000a1800000, 0x00000000a3f80000, 0x00000000e0800000)
  object space 40448K, 25% used [0x00000000a1800000,0x00000000a2221db0,0x00000000a3f80000)
 Metaspace       used 23890K, capacity 25120K, committed 25472K, reserved 1071104K
  class space    used 3084K, capacity 3339K, committed 3456K, reserved 1048576K
GC Heap History (10 events):
Event: 5.166 GC heap before
{Heap before GC invocations=2 (full 0):
 PSYoungGen      total 28672K, used 27648K [0x00000000e0800000, 0x00000000e2800000, 0x0000000100000000)
  eden space 24576K, 100% used [0x00000000e0800000,0x00000000e2000000,0x00000000e2000000)
  from space 4096K, 75% used [0x00000000e2000000,0x00000000e2300040,0x00000000e2400000)
  to   space 4096K, 0% used [0x00000000e2400000,0x00000000e2400000,0x00000000e2800000)
 ParOldGen       total 65536K, used 72K [0x00000000a1800000, 0x00000000a5800000, 0x00000000e0800000)
  object space 65536K, 0% used [0x00000000a1800000,0x00000000a1812010,0x00000000a5800000)
 Metaspace       used 16753K, capacity 17766K, committed 18048K, reserved 1064960K
  class space    used 2439K, capacity 2658K, committed 2688K, reserved 1048576K
Event: 5.179 GC heap after
Heap after GC invocations=2 (full 0):
 PSYoungGen      total 28672K, used 4082K [0x00000000e0800000, 0x00000000e2800000, 0x0000000100000000)
  eden space 24576K, 0% used [0x00000000e0800000,0x00000000e0800000,0x00000000e2000000)
  from space 4096K, 99% used [0x00000000e2400000,0x00000000e27fcac0,0x00000000e2800000)
  to   space 4096K, 0% used [0x00000000e2000000,0x00000000e2000000,0x00000000e2400000)
 ParOldGen       total 65536K, used 2016K [0x00000000a1800000, 0x00000000a5800000, 0x00000000e0800000)
  object space 65536K, 3% used [0x00000000a1800000,0x00000000a19f8010,0x00000000a5800000)
 Metaspace       used 16753K, capacity 17766K, committed 18048K, reserved 1064960K
  class space    used 2439K, capacity 2658K, committed 2688K, reserved 1048576K
}
Event: 114.981 GC heap before
{Heap before GC invocations=3 (full 0):
 PSYoungGen      total 28672K, used 25966K [0x00000000e0800000, 0x00000000e2800000, 0x0000000100000000)
  eden space 24576K, 89% used [0x00000000e0800000,0x00000000e1d5eed0,0x00000000e2000000)
  from space 4096K, 99% used [0x00000000e2400000,0x00000000e27fcac0,0x00000000e2800000)
  to   space 4096K, 0% used [0x00000000e2000000,0x00000000e2000000,0x00000000e2400000)
 ParOldGen       total 65536K, used 2016K [0x00000000a1800000, 0x00000000a5800000, 0x00000000e0800000)
  object space 65536K, 3% used [0x00000000a1800000,0x00000000a19f8010,0x00000000a5800000)
 Metaspace       used 20013K, capacity 21186K, committed 21248K, reserved 1067008K
  class space    used 2763K, capacity 3024K, committed 3072K, reserved 1048576K
Event: 114.994 GC heap after
Heap after GC invocations=3 (full 0):
 PSYoungGen      total 28672K, used 4080K [0x00000000e0800000, 0x00000000e2800000, 0x0000000100000000)
  eden space 24576K, 0% used [0x00000000e0800000,0x00000000e0800000,0x00000000e2000000)
  from space 4096K, 99% used [0x00000000e2000000,0x00000000e23fc040,0x00000000e2400000)
  to   space 4096K, 0% used [0x00000000e2400000,0x00000000e2400000,0x00000000e2800000)
 ParOldGen       total 65536K, used 6505K [0x00000000a1800000, 0x00000000a5800000, 0x00000000e0800000)
  object space 65536K, 9% used [0x00000000a1800000,0x00000000a1e5a440,0x00000000a5800000)
 Metaspace       used 20013K, capacity 21186K, committed 21248K, reserved 1067008K
  class space    used 2763K, capacity 3024K, committed 3072K, reserved 1048576K
}
Event: 114.994 GC heap before
{Heap before GC invocations=4 (full 1):
 PSYoungGen      total 28672K, used 4080K [0x00000000e0800000, 0x00000000e2800000, 0x0000000100000000)
  eden space 24576K, 0% used [0x00000000e0800000,0x00000000e0800000,0x00000000e2000000)
  from space 4096K, 99% used [0x00000000e2000000,0x00000000e23fc040,0x00000000e2400000)
  to   space 4096K, 0% used [0x00000000e2400000,0x00000000e2400000,0x00000000e2800000)
 ParOldGen       total 65536K, used 6505K [0x00000000a1800000, 0x00000000a5800000, 0x00000000e0800000)
  object space 65536K, 9% used [0x00000000a1800000,0x00000000a1e5a440,0x00000000a5800000)
 Metaspace       used 20013K, capacity 21186K, committed 21248K, reserved 1067008K
  class space    used 2763K, capacity 3024K, committed 3072K, reserved 1048576K
Event: 115.134 GC heap after
Heap after GC invocations=4 (full 1):
 PSYoungGen      total 28672K, used 0K [0x00000000e0800000, 0x00000000e2800000, 0x0000000100000000)
  eden space 24576K, 0% used [0x00000000e0800000,0x00000000e0800000,0x00000000e2000000)
  from space 4096K, 0% used [0x00000000e2000000,0x00000000e2000000,0x00000000e2400000)
  to   space 4096K, 0% used [0x00000000e2400000,0x00000000e2400000,0x00000000e2800000)
 ParOldGen       total 40448K, used 10359K [0x00000000a1800000, 0x00000000a3f80000, 0x00000000e0800000)
  object space 40448K, 25% used [0x00000000a1800000,0x00000000a221ddb0,0x00000000a3f80000)
 Metaspace       used 20013K, capacity 21186K, committed 21248K, reserved 1067008K
  class space    used 2763K, capacity 3024K, committed 3072K, reserved 1048576K
}
Event: 182.751 GC heap before
{Heap before GC invocations=5 (full 1):
 PSYoungGen      total 28672K, used 24576K [0x00000000e0800000, 0x00000000e2800000, 0x0000000100000000)
  eden space 24576K, 100% used [0x00000000e0800000,0x00000000e2000000,0x00000000e2000000)
  from space 4096K, 0% used [0x00000000e2000000,0x00000000e2000000,0x00000000e2400000)
  to   space 4096K, 0% used [0x00000000e2400000,0x00000000e2400000,0x00000000e2800000)
 ParOldGen       total 40448K, used 10359K [0x00000000a1800000, 0x00000000a3f80000, 0x00000000e0800000)
  object space 40448K, 25% used [0x00000000a1800000,0x00000000a221ddb0,0x00000000a3f80000)
 Metaspace       used 23184K, capacity 24388K, committed 24704K, reserved 1071104K
  class space    used 3066K, capacity 3335K, committed 3456K, reserved 1048576K
Event: 182.755 GC heap after
Heap after GC invocations=5 (full 1):
 PSYoungGen      total 28672K, used 3733K [0x00000000e0800000, 0x00000000e2800000, 0x0000000100000000)
  eden space 24576K, 0% used [0x00000000e0800000,0x00000000e0800000,0x00000000e2000000)
  from space 4096K, 91% used [0x00000000e2400000,0x00000000e27a5630,0x00000000e2800000)
  to   space 4096K, 0% used [0x00000000e2000000,0x00000000e2000000,0x00000000e2400000)
 ParOldGen       total 40448K, used 10367K [0x00000000a1800000, 0x00000000a3f80000, 0x00000000e0800000)
  object space 40448K, 25% used [0x00000000a1800000,0x00000000a221fdb0,0x00000000a3f80000)
 Metaspace       used 23184K, capacity 24388K, committed 24704K, reserved 1071104K
  class space    used 3066K, capacity 3335K, committed 3456K, reserved 1048576K
}
Event: 366.833 GC heap before
{Heap before GC invocations=6 (full 1):
 PSYoungGen      total 28672K, used 28309K [0x00000000e0800000, 0x00000000e2800000, 0x0000000100000000)
  eden space 24576K, 100% used [0x00000000e0800000,0x00000000e2000000,0x00000000e2000000)
  from space 4096K, 91% used [0x00000000e2400000,0x00000000e27a5630,0x00000000e2800000)
  to   space 4096K, 0% used [0x00000000e2000000,0x00000000e2000000,0x00000000e2400000)
 ParOldGen       total 40448K, used 10367K [0x00000000a1800000, 0x00000000a3f80000, 0x00000000e0800000)
  object space 40448K, 25% used [0x00000000a1800000,0x00000000a221fdb0,0x00000000a3f80000)
 Metaspace       used 23779K, capacity 24988K, committed 25216K, reserved 1071104K
  class space    used 3084K, capacity 3339K, committed 3456K, reserved 1048576K
Event: 366.840 GC heap after
Heap after GC invocations=6 (full 1):
 PSYoungGen      total 28160K, used 3332K [0x00000000e0800000, 0x00000000e3280000, 0x0000000100000000)
  eden space 24064K, 0% used [0x00000000e0800000,0x00000000e0800000,0x00000000e1f80000)
  from space 4096K, 81% used [0x00000000e2000000,0x00000000e23412b8,0x00000000e2400000)
  to   space 9728K, 0% used [0x00000000e2900000,0x00000000e2900000,0x00000000e3280000)
 ParOldGen       total 40448K, used 10375K [0x00000000a1800000, 0x00000000a3f80000, 0x00000000e0800000)
  object space 40448K, 25% used [0x00000000a1800000,0x00000000a2221db0,0x00000000a3f80000)
 Metaspace       used 23779K, capacity 24988K, committed 25216K, reserved 1071104K
  class space    used 3084K, capacity 3339K, committed 3456K, reserved 1048576K
}

